2022-10-15 09:31:04.035 [main] INFO  - Adding new continent: Asia to the world
2022-10-15 09:31:04.037 [main] INFO  - Adding new country: Japan to the continent Asia
2022-10-15 09:31:04.038 [main] INFO  - Adding new city: Tokyo to the country
2022-10-15 09:31:04.038 [main] INFO  - Continent: Asia already exists
2022-10-15 09:31:04.038 [main] INFO  - Adding new country: India to the continent Asia
2022-10-15 09:31:04.038 [main] INFO  - Adding new city: Delhi to the country
2022-10-15 09:31:04.039 [main] INFO  - Continent: Asia already exists
2022-10-15 09:31:04.039 [main] INFO  - Adding new country: China to the continent Asia
2022-10-15 09:31:04.039 [main] INFO  - Adding new city: Shanghai to the country
2022-10-15 09:31:04.039 [main] INFO  - Adding new continent: South America to the world
2022-10-15 09:31:04.039 [main] INFO  - Adding new country: Brazil to the continent South America
2022-10-15 09:31:04.039 [main] INFO  - Adding new city: São Paulo to the country
2022-10-15 09:31:04.039 [main] INFO  - Continent: South America already exists
2022-10-15 09:31:04.039 [main] INFO  - Adding new country: Mexico to the continent South America
2022-10-15 09:31:04.040 [main] INFO  - Adding new city: Mexico City to the country
2022-10-15 09:31:04.040 [main] INFO  - Adding new continent: Africa to the world
2022-10-15 09:31:04.040 [main] INFO  - Adding new country: Egypt to the continent Africa
2022-10-15 09:31:04.040 [main] INFO  - Adding new city: Cairo to the country
2022-10-15 09:31:04.040 [main] INFO  - Continent: Asia already exists
2022-10-15 09:31:04.040 [main] INFO  - Country: China already exists
2022-10-15 09:31:04.040 [main] INFO  - Adding new city: Chengdu to the country
2022-10-15 09:31:46.615 [main] INFO  - Adding new continent: Asia to the world
2022-10-15 09:31:46.617 [main] INFO  - Adding new country: Japan to the continent Asia
2022-10-15 09:31:46.618 [main] INFO  - Adding new city: Tokyo to the country Japan
2022-10-15 09:31:46.618 [main] INFO  - Continent: Asia already exists
2022-10-15 09:31:46.619 [main] INFO  - Adding new country: India to the continent Asia
2022-10-15 09:31:46.619 [main] INFO  - Adding new city: Delhi to the country India
2022-10-15 09:31:46.619 [main] INFO  - Continent: Asia already exists
2022-10-15 09:31:46.619 [main] INFO  - Adding new country: China to the continent Asia
2022-10-15 09:31:46.619 [main] INFO  - Adding new city: Shanghai to the country China
2022-10-15 09:31:46.619 [main] INFO  - Adding new continent: South America to the world
2022-10-15 09:31:46.619 [main] INFO  - Adding new country: Brazil to the continent South America
2022-10-15 09:31:46.620 [main] INFO  - Adding new city: São Paulo to the country Brazil
2022-10-15 09:31:46.620 [main] INFO  - Continent: South America already exists
2022-10-15 09:31:46.620 [main] INFO  - Adding new country: Mexico to the continent South America
2022-10-15 09:31:46.620 [main] INFO  - Adding new city: Mexico City to the country Mexico
2022-10-15 09:31:46.620 [main] INFO  - Adding new continent: Africa to the world
2022-10-15 09:31:46.620 [main] INFO  - Adding new country: Egypt to the continent Africa
2022-10-15 09:31:46.620 [main] INFO  - Adding new city: Cairo to the country Egypt
2022-10-15 09:31:46.620 [main] INFO  - Continent: Asia already exists
2022-10-15 09:31:46.621 [main] INFO  - Country: China already exists
2022-10-15 09:31:46.621 [main] INFO  - Adding new city: Chengdu to the country China
2022-10-15 10:05:26.752 [main] INFO  - Adding new continent: Asia to the world
2022-10-15 10:05:26.754 [main] INFO  - Adding new country: Japan to the continent Asia
2022-10-15 10:05:26.754 [main] INFO  - Adding new city: Tokyo to the country Japan
2022-10-15 10:05:26.755 [main] INFO  - Continent: Asia already exists
2022-10-15 10:05:26.755 [main] INFO  - Adding new country: India to the continent Asia
2022-10-15 10:05:26.755 [main] INFO  - Adding new city: Delhi to the country India
2022-10-15 10:05:26.755 [main] INFO  - Continent: Asia already exists
2022-10-15 10:05:26.755 [main] INFO  - Adding new country: China to the continent Asia
2022-10-15 10:05:26.755 [main] INFO  - Adding new city: Shanghai to the country China
2022-10-15 10:05:26.755 [main] INFO  - Adding new continent: South America to the world
2022-10-15 10:05:26.755 [main] INFO  - Adding new country: Brazil to the continent South America
2022-10-15 10:05:26.756 [main] INFO  - Adding new city: São Paulo to the country Brazil
2022-10-15 10:05:26.756 [main] INFO  - Continent: South America already exists
2022-10-15 10:05:26.756 [main] INFO  - Adding new country: Mexico to the continent South America
2022-10-15 10:05:26.756 [main] INFO  - Adding new city: Mexico City to the country Mexico
2022-10-15 10:05:26.756 [main] INFO  - Adding new continent: Africa to the world
2022-10-15 10:05:26.756 [main] INFO  - Adding new country: Egypt to the continent Africa
2022-10-15 10:05:26.756 [main] INFO  - Adding new city: Cairo to the country Egypt
2022-10-15 10:05:26.756 [main] INFO  - Continent: Asia already exists
2022-10-15 10:05:26.756 [main] INFO  - Country: China already exists
2022-10-15 10:05:26.757 [main] INFO  - Adding new city: Chengdu to the country China
2022-10-15 11:44:24.068 [main] INFO  - Adding new continent: Asia to the world
2022-10-15 11:44:24.070 [main] INFO  - Adding new country: Japan to the continent Asia
2022-10-15 11:44:24.071 [main] INFO  - Adding new city: Tokyo to the country Japan
2022-10-15 11:44:24.071 [main] INFO  - Continent: Asia already exists
2022-10-15 11:44:24.071 [main] INFO  - Adding new country: India to the continent Asia
2022-10-15 11:44:24.071 [main] INFO  - Adding new city: Delhi to the country India
2022-10-15 11:44:24.072 [main] INFO  - Continent: Asia already exists
2022-10-15 11:44:24.072 [main] INFO  - Adding new country: China to the continent Asia
2022-10-15 11:44:24.072 [main] INFO  - Adding new city: Shanghai to the country China
2022-10-15 11:44:24.072 [main] INFO  - Adding new continent: South America to the world
2022-10-15 11:44:24.072 [main] INFO  - Adding new country: Brazil to the continent South America
2022-10-15 11:44:24.072 [main] INFO  - Adding new city: São Paulo to the country Brazil
2022-10-15 11:44:24.072 [main] INFO  - Continent: South America already exists
2022-10-15 11:44:24.072 [main] INFO  - Adding new country: Mexico to the continent South America
2022-10-15 11:44:24.072 [main] INFO  - Adding new city: Mexico City to the country Mexico
2022-10-15 11:44:24.072 [main] INFO  - Adding new continent: Africa to the world
2022-10-15 11:44:24.073 [main] INFO  - Adding new country: Egypt to the continent Africa
2022-10-15 11:44:24.073 [main] INFO  - Adding new city: Cairo to the country Egypt
2022-10-15 11:44:24.073 [main] INFO  - Continent: Asia already exists
2022-10-15 11:44:24.073 [main] INFO  - Country: China already exists
2022-10-15 11:44:24.073 [main] INFO  - Adding new city: Chengdu to the country China
2022-10-15 13:14:02.492 [main] INFO  - Adding new continent: Asia to the world
2022-10-15 13:14:02.494 [main] INFO  - Adding new country: Japan to the continent Asia
2022-10-15 13:14:02.495 [main] INFO  - Adding new city: Tokyo to the country Japan
2022-10-15 13:14:02.495 [main] INFO  - Continent: Asia already exists
2022-10-15 13:14:02.495 [main] INFO  - Adding new country: India to the continent Asia
2022-10-15 13:14:02.495 [main] INFO  - Adding new city: Delhi to the country India
2022-10-15 13:14:02.495 [main] INFO  - Continent: Asia already exists
2022-10-15 13:14:02.495 [main] INFO  - Adding new country: China to the continent Asia
2022-10-15 13:14:02.496 [main] INFO  - Adding new city: Shanghai to the country China
2022-10-15 13:14:02.496 [main] INFO  - Adding new continent: South America to the world
2022-10-15 13:14:02.496 [main] INFO  - Adding new country: Brazil to the continent South America
2022-10-15 13:14:02.496 [main] INFO  - Adding new city: São Paulo to the country Brazil
2022-10-15 13:14:02.496 [main] INFO  - Continent: South America already exists
2022-10-15 13:14:02.496 [main] INFO  - Adding new country: Mexico to the continent South America
2022-10-15 13:14:02.496 [main] INFO  - Adding new city: Mexico City to the country Mexico
2022-10-15 13:14:02.497 [main] INFO  - Adding new continent: Africa to the world
2022-10-15 13:14:02.497 [main] INFO  - Adding new country: Egypt to the continent Africa
2022-10-15 13:14:02.497 [main] INFO  - Adding new city: Cairo to the country Egypt
2022-10-15 13:14:02.497 [main] INFO  - Continent: Asia already exists
2022-10-15 13:14:02.497 [main] INFO  - Country: China already exists
2022-10-15 13:14:02.498 [main] INFO  - Adding new city: Chengdu to the country China
2022-10-15 13:18:39.150 [main] INFO  - Adding new continent: Asia to the world
2022-10-15 13:18:39.153 [main] INFO  - Adding new country: Japan to the continent Asia
2022-10-15 13:18:39.154 [main] INFO  - Adding new city: Tokyo to the country Japan
2022-10-15 13:18:39.154 [main] INFO  - Continent: Asia already exists
2022-10-15 13:18:39.154 [main] INFO  - Adding new country: India to the continent Asia
2022-10-15 13:18:39.154 [main] INFO  - Adding new city: Delhi to the country India
2022-10-15 13:18:39.155 [main] INFO  - Continent: Asia already exists
2022-10-15 13:18:39.155 [main] INFO  - Adding new country: China to the continent Asia
2022-10-15 13:18:39.155 [main] INFO  - Adding new city: Shanghai to the country China
2022-10-15 13:18:39.155 [main] INFO  - Adding new continent: South America to the world
2022-10-15 13:18:39.155 [main] INFO  - Adding new country: Brazil to the continent South America
2022-10-15 13:18:39.155 [main] INFO  - Adding new city: São Paulo to the country Brazil
2022-10-15 13:18:39.155 [main] INFO  - Continent: South America already exists
2022-10-15 13:18:39.155 [main] INFO  - Adding new country: Mexico to the continent South America
2022-10-15 13:18:39.155 [main] INFO  - Adding new city: Mexico City to the country Mexico
2022-10-15 13:18:39.156 [main] INFO  - Adding new continent: Africa to the world
2022-10-15 13:18:39.156 [main] INFO  - Adding new country: Egypt to the continent Africa
2022-10-15 13:18:39.156 [main] INFO  - Adding new city: Cairo to the country Egypt
2022-10-15 13:18:39.156 [main] INFO  - Continent: Asia already exists
2022-10-15 13:18:39.156 [main] INFO  - Country: China already exists
2022-10-15 13:18:39.156 [main] INFO  - Adding new city: Chengdu to the country China
2022-10-15 13:18:39.156 [main] INFO  - Continent: Asia already exists
2022-10-15 13:18:39.157 [main] INFO  - Country: Japan already exists
2022-10-15 13:18:39.157 [main] INFO  - City: Tokyo already exists
2022-10-15 13:18:39.157 [main] INFO  - Continent: Asia already exists
2022-10-15 13:18:39.157 [main] INFO  - Country: India already exists
2022-10-15 13:18:39.157 [main] INFO  - City: Delhi already exists
2022-10-15 13:18:39.157 [main] INFO  - Continent: Asia already exists
2022-10-15 13:18:39.158 [main] INFO  - Country: China already exists
2022-10-15 13:18:39.158 [main] INFO  - City: Shanghai already exists
2022-10-15 13:18:39.158 [main] INFO  - Continent: South America already exists
2022-10-15 13:18:39.158 [main] INFO  - Country: Brazil already exists
2022-10-15 13:18:39.158 [main] INFO  - City: São Paulo already exists
2022-10-15 13:18:39.158 [main] INFO  - Continent: South America already exists
2022-10-15 13:18:39.158 [main] INFO  - Country: Mexico already exists
2022-10-15 13:18:39.158 [main] INFO  - City: Mexico City already exists
2022-10-15 13:18:39.158 [main] INFO  - Continent: Africa already exists
2022-10-15 13:18:39.159 [main] INFO  - Country: Egypt already exists
2022-10-15 13:18:39.159 [main] INFO  - City: Cairo already exists
2022-10-15 13:18:39.159 [main] INFO  - Continent: Asia already exists
2022-10-15 13:18:39.159 [main] INFO  - Country: China already exists
2022-10-15 13:18:39.159 [main] INFO  - City: Chengdu already exists
2022-10-15 13:18:39.159 [main] INFO  - Continent: Asia already exists
2022-10-15 13:18:39.159 [main] INFO  - Country: Japan already exists
2022-10-15 13:18:39.160 [main] INFO  - City: Tokyo already exists
2022-10-15 13:18:39.160 [main] INFO  - Continent: Asia already exists
2022-10-15 13:18:39.160 [main] INFO  - Country: India already exists
2022-10-15 13:18:39.160 [main] INFO  - City: Delhi already exists
2022-10-15 13:18:39.160 [main] INFO  - Continent: Asia already exists
2022-10-15 13:18:39.161 [main] INFO  - Country: China already exists
2022-10-15 13:18:39.161 [main] INFO  - City: Shanghai already exists
2022-10-15 13:18:39.161 [main] INFO  - Continent: South America already exists
2022-10-15 13:18:39.161 [main] INFO  - Country: Brazil already exists
2022-10-15 13:18:39.161 [main] INFO  - City: São Paulo already exists
2022-10-15 13:18:39.161 [main] INFO  - Continent: South America already exists
2022-10-15 13:18:39.161 [main] INFO  - Country: Mexico already exists
2022-10-15 13:18:39.162 [main] INFO  - City: Mexico City already exists
2022-10-15 13:18:39.162 [main] INFO  - Continent: Africa already exists
2022-10-15 13:18:39.162 [main] INFO  - Country: Egypt already exists
2022-10-15 13:18:39.162 [main] INFO  - City: Cairo already exists
2022-10-15 13:18:39.162 [main] INFO  - Continent: Asia already exists
2022-10-15 13:18:39.162 [main] INFO  - Country: China already exists
2022-10-15 13:18:39.162 [main] INFO  - City: Chengdu already exists
2022-10-15 13:18:39.163 [main] INFO  - Continent: Asia already exists
2022-10-15 13:18:39.163 [main] INFO  - Country: Japan already exists
2022-10-15 13:18:39.163 [main] INFO  - City: Tokyo already exists
2022-10-15 13:18:39.163 [main] INFO  - Continent: Asia already exists
2022-10-15 13:18:39.163 [main] INFO  - Country: India already exists
2022-10-15 13:18:39.163 [main] INFO  - City: Delhi already exists
2022-10-15 13:18:39.163 [main] INFO  - Continent: Asia already exists
2022-10-15 13:18:39.164 [main] INFO  - Country: China already exists
2022-10-15 13:18:39.164 [main] INFO  - City: Shanghai already exists
2022-10-15 13:18:39.164 [main] INFO  - Continent: South America already exists
2022-10-15 13:18:39.164 [main] INFO  - Country: Brazil already exists
2022-10-15 13:18:39.164 [main] INFO  - City: São Paulo already exists
2022-10-15 13:18:39.164 [main] INFO  - Continent: South America already exists
2022-10-15 13:18:39.164 [main] INFO  - Country: Mexico already exists
2022-10-15 13:18:39.164 [main] INFO  - City: Mexico City already exists
2022-10-15 13:18:39.165 [main] INFO  - Continent: Africa already exists
2022-10-15 13:18:39.165 [main] INFO  - Country: Egypt already exists
2022-10-15 13:18:39.165 [main] INFO  - City: Cairo already exists
2022-10-15 13:18:39.165 [main] INFO  - Continent: Asia already exists
2022-10-15 13:18:39.165 [main] INFO  - Country: China already exists
2022-10-15 13:18:39.165 [main] INFO  - City: Chengdu already exists
2022-10-15 13:18:39.165 [main] INFO  - Continent: Asia already exists
2022-10-15 13:18:39.165 [main] INFO  - Country: Japan already exists
2022-10-15 13:18:39.165 [main] INFO  - City: Tokyo already exists
2022-10-15 13:18:39.166 [main] INFO  - Continent: Asia already exists
2022-10-15 13:18:39.166 [main] INFO  - Country: India already exists
2022-10-15 13:18:39.166 [main] INFO  - City: Delhi already exists
2022-10-15 13:18:39.166 [main] INFO  - Continent: Asia already exists
2022-10-15 13:18:39.166 [main] INFO  - Country: China already exists
2022-10-15 13:18:39.166 [main] INFO  - City: Shanghai already exists
2022-10-15 13:18:39.166 [main] INFO  - Continent: South America already exists
2022-10-15 13:18:39.166 [main] INFO  - Country: Brazil already exists
2022-10-15 13:18:39.166 [main] INFO  - City: São Paulo already exists
2022-10-15 13:18:39.166 [main] INFO  - Continent: South America already exists
2022-10-15 13:18:39.166 [main] INFO  - Country: Mexico already exists
2022-10-15 13:18:39.166 [main] INFO  - City: Mexico City already exists
2022-10-15 13:18:39.166 [main] INFO  - Continent: Africa already exists
2022-10-15 13:18:39.166 [main] INFO  - Country: Egypt already exists
2022-10-15 13:18:39.167 [main] INFO  - City: Cairo already exists
2022-10-15 13:18:39.167 [main] INFO  - Continent: Asia already exists
2022-10-15 13:18:39.167 [main] INFO  - Country: China already exists
2022-10-15 13:18:39.167 [main] INFO  - City: Chengdu already exists
2022-10-15 13:18:39.167 [main] INFO  - Continent: Asia already exists
2022-10-15 13:18:39.167 [main] INFO  - Country: Japan already exists
2022-10-15 13:18:39.167 [main] INFO  - City: Tokyo already exists
2022-10-15 13:18:39.167 [main] INFO  - Continent: Asia already exists
2022-10-15 13:18:39.167 [main] INFO  - Country: India already exists
2022-10-15 13:18:39.167 [main] INFO  - City: Delhi already exists
2022-10-15 13:18:39.167 [main] INFO  - Continent: Asia already exists
2022-10-15 13:18:39.167 [main] INFO  - Country: China already exists
2022-10-15 13:18:39.168 [main] INFO  - City: Shanghai already exists
2022-10-15 13:18:39.168 [main] INFO  - Continent: South America already exists
2022-10-15 13:18:39.168 [main] INFO  - Country: Brazil already exists
2022-10-15 13:18:39.168 [main] INFO  - City: São Paulo already exists
2022-10-15 13:18:39.168 [main] INFO  - Continent: South America already exists
2022-10-15 13:18:39.168 [main] INFO  - Country: Mexico already exists
2022-10-15 13:18:39.168 [main] INFO  - City: Mexico City already exists
2022-10-15 13:18:39.168 [main] INFO  - Continent: Africa already exists
2022-10-15 13:18:39.168 [main] INFO  - Country: Egypt already exists
2022-10-15 13:18:39.168 [main] INFO  - City: Cairo already exists
2022-10-15 13:18:39.168 [main] INFO  - Continent: Asia already exists
2022-10-15 13:18:39.168 [main] INFO  - Country: China already exists
2022-10-15 13:18:39.169 [main] INFO  - City: Chengdu already exists
2022-10-15 13:18:39.169 [main] INFO  - Continent: Asia already exists
2022-10-15 13:18:39.169 [main] INFO  - Country: Japan already exists
2022-10-15 13:18:39.169 [main] INFO  - City: Tokyo already exists
2022-10-15 13:18:39.169 [main] INFO  - Continent: Asia already exists
2022-10-15 13:18:39.169 [main] INFO  - Country: India already exists
2022-10-15 13:18:39.169 [main] INFO  - City: Delhi already exists
2022-10-15 13:18:39.169 [main] INFO  - Continent: Asia already exists
2022-10-15 13:18:39.169 [main] INFO  - Country: China already exists
2022-10-15 13:18:39.169 [main] INFO  - City: Shanghai already exists
2022-10-15 13:18:39.169 [main] INFO  - Continent: South America already exists
2022-10-15 13:18:39.169 [main] INFO  - Country: Brazil already exists
2022-10-15 13:18:39.169 [main] INFO  - City: São Paulo already exists
2022-10-15 13:18:39.169 [main] INFO  - Continent: South America already exists
2022-10-15 13:18:39.170 [main] INFO  - Country: Mexico already exists
2022-10-15 13:18:39.170 [main] INFO  - City: Mexico City already exists
2022-10-15 13:18:39.170 [main] INFO  - Continent: Africa already exists
2022-10-15 13:18:39.170 [main] INFO  - Country: Egypt already exists
2022-10-15 13:18:39.170 [main] INFO  - City: Cairo already exists
2022-10-15 13:18:39.170 [main] INFO  - Continent: Asia already exists
2022-10-15 13:18:39.170 [main] INFO  - Country: China already exists
2022-10-15 13:18:39.170 [main] INFO  - City: Chengdu already exists
2022-10-15 13:18:39.170 [main] INFO  - Continent: Asia already exists
2022-10-15 13:18:39.170 [main] INFO  - Country: Japan already exists
2022-10-15 13:18:39.170 [main] INFO  - City: Tokyo already exists
2022-10-15 13:18:39.170 [main] INFO  - Continent: Asia already exists
2022-10-15 13:18:39.171 [main] INFO  - Country: India already exists
2022-10-15 13:18:39.171 [main] INFO  - City: Delhi already exists
2022-10-15 13:18:39.171 [main] INFO  - Continent: Asia already exists
2022-10-15 13:18:39.171 [main] INFO  - Country: China already exists
2022-10-15 13:18:39.171 [main] INFO  - City: Shanghai already exists
2022-10-15 13:18:39.171 [main] INFO  - Continent: South America already exists
2022-10-15 13:18:39.171 [main] INFO  - Country: Brazil already exists
2022-10-15 13:18:39.171 [main] INFO  - City: São Paulo already exists
2022-10-15 13:18:39.171 [main] INFO  - Continent: South America already exists
2022-10-15 13:18:39.171 [main] INFO  - Country: Mexico already exists
2022-10-15 13:18:39.171 [main] INFO  - City: Mexico City already exists
2022-10-15 13:18:39.171 [main] INFO  - Continent: Africa already exists
2022-10-15 13:18:39.171 [main] INFO  - Country: Egypt already exists
2022-10-15 13:18:39.171 [main] INFO  - City: Cairo already exists
2022-10-15 13:18:39.171 [main] INFO  - Continent: Asia already exists
2022-10-15 13:18:39.171 [main] INFO  - Country: China already exists
2022-10-15 13:18:39.171 [main] INFO  - City: Chengdu already exists
2022-10-15 13:18:39.172 [main] INFO  - Continent: Asia already exists
2022-10-15 13:18:39.172 [main] INFO  - Country: Japan already exists
2022-10-15 13:18:39.172 [main] INFO  - City: Tokyo already exists
2022-10-15 13:18:39.172 [main] INFO  - Continent: Asia already exists
2022-10-15 13:18:39.172 [main] INFO  - Country: India already exists
2022-10-15 13:18:39.172 [main] INFO  - City: Delhi already exists
2022-10-15 13:18:39.172 [main] INFO  - Continent: Asia already exists
2022-10-15 13:18:39.172 [main] INFO  - Country: China already exists
2022-10-15 13:18:39.172 [main] INFO  - City: Shanghai already exists
2022-10-15 13:18:39.172 [main] INFO  - Continent: South America already exists
2022-10-15 13:18:39.172 [main] INFO  - Country: Brazil already exists
2022-10-15 13:18:39.172 [main] INFO  - City: São Paulo already exists
2022-10-15 13:18:39.172 [main] INFO  - Continent: South America already exists
2022-10-15 13:18:39.172 [main] INFO  - Country: Mexico already exists
2022-10-15 13:18:39.172 [main] INFO  - City: Mexico City already exists
2022-10-15 13:18:39.172 [main] INFO  - Continent: Africa already exists
2022-10-15 13:18:39.172 [main] INFO  - Country: Egypt already exists
2022-10-15 13:18:39.173 [main] INFO  - City: Cairo already exists
2022-10-15 13:18:39.173 [main] INFO  - Continent: Asia already exists
2022-10-15 13:18:39.173 [main] INFO  - Country: China already exists
2022-10-15 13:18:39.173 [main] INFO  - City: Chengdu already exists
2022-10-15 13:18:39.173 [main] INFO  - Continent: Asia already exists
2022-10-15 13:18:39.173 [main] INFO  - Country: Japan already exists
2022-10-15 13:18:39.173 [main] INFO  - City: Tokyo already exists
2022-10-15 13:18:39.173 [main] INFO  - Continent: Asia already exists
2022-10-15 13:18:39.173 [main] INFO  - Country: India already exists
2022-10-15 13:18:39.173 [main] INFO  - City: Delhi already exists
2022-10-15 13:18:39.173 [main] INFO  - Continent: Asia already exists
2022-10-15 13:18:39.174 [main] INFO  - Country: China already exists
2022-10-15 13:18:39.174 [main] INFO  - City: Shanghai already exists
2022-10-15 13:18:39.174 [main] INFO  - Continent: South America already exists
2022-10-15 13:18:39.174 [main] INFO  - Country: Brazil already exists
2022-10-15 13:18:39.174 [main] INFO  - City: São Paulo already exists
2022-10-15 13:18:39.174 [main] INFO  - Continent: South America already exists
2022-10-15 13:18:39.174 [main] INFO  - Country: Mexico already exists
2022-10-15 13:18:39.174 [main] INFO  - City: Mexico City already exists
2022-10-15 13:18:39.174 [main] INFO  - Continent: Africa already exists
2022-10-15 13:18:39.174 [main] INFO  - Country: Egypt already exists
2022-10-15 13:18:39.174 [main] INFO  - City: Cairo already exists
2022-10-15 13:18:39.175 [main] INFO  - Continent: Asia already exists
2022-10-15 13:18:39.175 [main] INFO  - Country: China already exists
2022-10-15 13:18:39.175 [main] INFO  - City: Chengdu already exists
2022-10-15 13:18:39.175 [main] INFO  - Continent: Asia already exists
2022-10-15 13:18:39.175 [main] INFO  - Country: Japan already exists
2022-10-15 13:18:39.175 [main] INFO  - City: Tokyo already exists
2022-10-15 13:18:39.175 [main] INFO  - Continent: Asia already exists
2022-10-15 13:18:39.175 [main] INFO  - Country: India already exists
2022-10-15 13:18:39.175 [main] INFO  - City: Delhi already exists
2022-10-15 13:18:39.175 [main] INFO  - Continent: Asia already exists
2022-10-15 13:18:39.175 [main] INFO  - Country: China already exists
2022-10-15 13:18:39.175 [main] INFO  - City: Shanghai already exists
2022-10-15 13:18:39.175 [main] INFO  - Continent: South America already exists
2022-10-15 13:18:39.175 [main] INFO  - Country: Brazil already exists
2022-10-15 13:18:39.175 [main] INFO  - City: São Paulo already exists
2022-10-15 13:18:39.176 [main] INFO  - Continent: South America already exists
2022-10-15 13:18:39.176 [main] INFO  - Country: Mexico already exists
2022-10-15 13:18:39.176 [main] INFO  - City: Mexico City already exists
2022-10-15 13:18:39.176 [main] INFO  - Continent: Africa already exists
2022-10-15 13:18:39.176 [main] INFO  - Country: Egypt already exists
2022-10-15 13:18:39.176 [main] INFO  - City: Cairo already exists
2022-10-15 13:18:39.176 [main] INFO  - Continent: Asia already exists
2022-10-15 13:18:39.176 [main] INFO  - Country: China already exists
2022-10-15 13:18:39.176 [main] INFO  - City: Chengdu already exists
2022-10-15 13:18:39.176 [main] INFO  - Continent: Asia already exists
2022-10-15 13:18:39.176 [main] INFO  - Country: Japan already exists
2022-10-15 13:18:39.176 [main] INFO  - City: Tokyo already exists
2022-10-15 13:18:39.177 [main] INFO  - Continent: Asia already exists
2022-10-15 13:18:39.177 [main] INFO  - Country: India already exists
2022-10-15 13:18:39.177 [main] INFO  - City: Delhi already exists
2022-10-15 13:18:39.177 [main] INFO  - Continent: Asia already exists
2022-10-15 13:18:39.177 [main] INFO  - Country: China already exists
2022-10-15 13:18:39.177 [main] INFO  - City: Shanghai already exists
2022-10-15 13:18:39.177 [main] INFO  - Continent: South America already exists
2022-10-15 13:18:39.177 [main] INFO  - Country: Brazil already exists
2022-10-15 13:18:39.177 [main] INFO  - City: São Paulo already exists
2022-10-15 13:18:39.177 [main] INFO  - Continent: South America already exists
2022-10-15 13:18:39.177 [main] INFO  - Country: Mexico already exists
2022-10-15 13:18:39.177 [main] INFO  - City: Mexico City already exists
2022-10-15 13:18:39.177 [main] INFO  - Continent: Africa already exists
2022-10-15 13:18:39.177 [main] INFO  - Country: Egypt already exists
2022-10-15 13:18:39.177 [main] INFO  - City: Cairo already exists
2022-10-15 13:18:39.178 [main] INFO  - Continent: Asia already exists
2022-10-15 13:18:39.178 [main] INFO  - Country: China already exists
2022-10-15 13:18:39.178 [main] INFO  - City: Chengdu already exists
2022-10-15 13:18:39.178 [main] INFO  - Continent: Asia already exists
2022-10-15 13:18:39.178 [main] INFO  - Country: Japan already exists
2022-10-15 13:18:39.178 [main] INFO  - City: Tokyo already exists
2022-10-15 13:18:39.178 [main] INFO  - Continent: Asia already exists
2022-10-15 13:18:39.178 [main] INFO  - Country: India already exists
2022-10-15 13:18:39.179 [main] INFO  - City: Delhi already exists
2022-10-15 13:18:39.179 [main] INFO  - Continent: Asia already exists
2022-10-15 13:18:39.179 [main] INFO  - Country: China already exists
2022-10-15 13:18:39.179 [main] INFO  - City: Shanghai already exists
2022-10-15 13:18:39.179 [main] INFO  - Continent: South America already exists
2022-10-15 13:18:39.179 [main] INFO  - Country: Brazil already exists
2022-10-15 13:18:39.179 [main] INFO  - City: São Paulo already exists
2022-10-15 13:18:39.179 [main] INFO  - Continent: South America already exists
2022-10-15 13:18:39.179 [main] INFO  - Country: Mexico already exists
2022-10-15 13:18:39.179 [main] INFO  - City: Mexico City already exists
2022-10-15 13:18:39.179 [main] INFO  - Continent: Africa already exists
2022-10-15 13:18:39.179 [main] INFO  - Country: Egypt already exists
2022-10-15 13:18:39.179 [main] INFO  - City: Cairo already exists
2022-10-15 13:18:39.179 [main] INFO  - Continent: Asia already exists
2022-10-15 13:18:39.180 [main] INFO  - Country: China already exists
2022-10-15 13:18:39.180 [main] INFO  - City: Chengdu already exists
2022-10-15 13:18:39.180 [main] INFO  - Continent: Asia already exists
2022-10-15 13:18:39.180 [main] INFO  - Country: Japan already exists
2022-10-15 13:18:39.180 [main] INFO  - City: Tokyo already exists
2022-10-15 13:18:39.180 [main] INFO  - Continent: Asia already exists
2022-10-15 13:18:39.180 [main] INFO  - Country: India already exists
2022-10-15 13:18:39.180 [main] INFO  - City: Delhi already exists
2022-10-15 13:18:39.180 [main] INFO  - Continent: Asia already exists
2022-10-15 13:18:39.180 [main] INFO  - Country: China already exists
2022-10-15 13:18:39.180 [main] INFO  - City: Shanghai already exists
2022-10-15 13:18:39.180 [main] INFO  - Continent: South America already exists
2022-10-15 13:18:39.181 [main] INFO  - Country: Brazil already exists
2022-10-15 13:18:39.181 [main] INFO  - City: São Paulo already exists
2022-10-15 13:18:39.181 [main] INFO  - Continent: South America already exists
2022-10-15 13:18:39.181 [main] INFO  - Country: Mexico already exists
2022-10-15 13:18:39.181 [main] INFO  - City: Mexico City already exists
2022-10-15 13:18:39.181 [main] INFO  - Continent: Africa already exists
2022-10-15 13:18:39.181 [main] INFO  - Country: Egypt already exists
2022-10-15 13:18:39.181 [main] INFO  - City: Cairo already exists
2022-10-15 13:18:39.181 [main] INFO  - Continent: Asia already exists
2022-10-15 13:18:39.181 [main] INFO  - Country: China already exists
2022-10-15 13:18:39.181 [main] INFO  - City: Chengdu already exists
2022-10-15 13:18:39.181 [main] INFO  - Continent: Asia already exists
2022-10-15 13:18:39.181 [main] INFO  - Country: Japan already exists
2022-10-15 13:18:39.181 [main] INFO  - City: Tokyo already exists
2022-10-15 13:18:39.181 [main] INFO  - Continent: Asia already exists
2022-10-15 13:18:39.182 [main] INFO  - Country: India already exists
2022-10-15 13:18:39.182 [main] INFO  - City: Delhi already exists
2022-10-15 13:18:39.182 [main] INFO  - Continent: Asia already exists
2022-10-15 13:18:39.182 [main] INFO  - Country: China already exists
2022-10-15 13:18:39.182 [main] INFO  - City: Shanghai already exists
2022-10-15 13:18:39.182 [main] INFO  - Continent: South America already exists
2022-10-15 13:18:39.182 [main] INFO  - Country: Brazil already exists
2022-10-15 13:18:39.182 [main] INFO  - City: São Paulo already exists
2022-10-15 13:18:39.182 [main] INFO  - Continent: South America already exists
2022-10-15 13:18:39.182 [main] INFO  - Country: Mexico already exists
2022-10-15 13:18:39.182 [main] INFO  - City: Mexico City already exists
2022-10-15 13:18:39.182 [main] INFO  - Continent: Africa already exists
2022-10-15 13:18:39.182 [main] INFO  - Country: Egypt already exists
2022-10-15 13:18:39.182 [main] INFO  - City: Cairo already exists
2022-10-15 13:18:39.182 [main] INFO  - Continent: Asia already exists
2022-10-15 13:18:39.182 [main] INFO  - Country: China already exists
2022-10-15 13:18:39.182 [main] INFO  - City: Chengdu already exists
2022-10-15 13:18:39.182 [main] INFO  - Continent: Asia already exists
2022-10-15 13:18:39.183 [main] INFO  - Country: Japan already exists
2022-10-15 13:18:39.183 [main] INFO  - City: Tokyo already exists
2022-10-15 13:18:39.183 [main] INFO  - Continent: Asia already exists
2022-10-15 13:18:39.183 [main] INFO  - Country: India already exists
2022-10-15 13:18:39.183 [main] INFO  - City: Delhi already exists
2022-10-15 13:18:39.183 [main] INFO  - Continent: Asia already exists
2022-10-15 13:18:39.183 [main] INFO  - Country: China already exists
2022-10-15 13:18:39.183 [main] INFO  - City: Shanghai already exists
2022-10-15 13:18:39.183 [main] INFO  - Continent: South America already exists
2022-10-15 13:18:39.183 [main] INFO  - Country: Brazil already exists
2022-10-15 13:18:39.183 [main] INFO  - City: São Paulo already exists
2022-10-15 13:18:39.183 [main] INFO  - Continent: South America already exists
2022-10-15 13:18:39.183 [main] INFO  - Country: Mexico already exists
2022-10-15 13:18:39.183 [main] INFO  - City: Mexico City already exists
2022-10-15 13:18:39.183 [main] INFO  - Continent: Africa already exists
2022-10-15 13:18:39.183 [main] INFO  - Country: Egypt already exists
2022-10-15 13:18:39.183 [main] INFO  - City: Cairo already exists
2022-10-15 13:18:39.183 [main] INFO  - Continent: Asia already exists
2022-10-15 13:18:39.183 [main] INFO  - Country: China already exists
2022-10-15 13:18:39.183 [main] INFO  - City: Chengdu already exists
2022-10-15 13:18:39.183 [main] INFO  - Continent: Asia already exists
2022-10-15 13:18:39.183 [main] INFO  - Country: Japan already exists
2022-10-15 13:18:39.184 [main] INFO  - City: Tokyo already exists
2022-10-15 13:18:39.184 [main] INFO  - Continent: Asia already exists
2022-10-15 13:18:39.184 [main] INFO  - Country: India already exists
2022-10-15 13:18:39.184 [main] INFO  - City: Delhi already exists
2022-10-15 13:18:39.184 [main] INFO  - Continent: Asia already exists
2022-10-15 13:18:39.184 [main] INFO  - Country: China already exists
2022-10-15 13:18:39.184 [main] INFO  - City: Shanghai already exists
2022-10-15 13:18:39.184 [main] INFO  - Continent: South America already exists
2022-10-15 13:18:39.184 [main] INFO  - Country: Brazil already exists
2022-10-15 13:18:39.184 [main] INFO  - City: São Paulo already exists
2022-10-15 13:18:39.184 [main] INFO  - Continent: South America already exists
2022-10-15 13:18:39.184 [main] INFO  - Country: Mexico already exists
2022-10-15 13:18:39.184 [main] INFO  - City: Mexico City already exists
2022-10-15 13:18:39.184 [main] INFO  - Continent: Africa already exists
2022-10-15 13:18:39.184 [main] INFO  - Country: Egypt already exists
2022-10-15 13:18:39.184 [main] INFO  - City: Cairo already exists
2022-10-15 13:18:39.184 [main] INFO  - Continent: Asia already exists
2022-10-15 13:18:39.184 [main] INFO  - Country: China already exists
2022-10-15 13:18:39.184 [main] INFO  - City: Chengdu already exists
2022-10-15 13:18:39.184 [main] INFO  - Continent: Asia already exists
2022-10-15 13:18:39.185 [main] INFO  - Country: Japan already exists
2022-10-15 13:18:39.185 [main] INFO  - City: Tokyo already exists
2022-10-15 13:18:39.185 [main] INFO  - Continent: Asia already exists
2022-10-15 13:18:39.185 [main] INFO  - Country: India already exists
2022-10-15 13:18:39.185 [main] INFO  - City: Delhi already exists
2022-10-15 13:18:39.185 [main] INFO  - Continent: Asia already exists
2022-10-15 13:18:39.185 [main] INFO  - Country: China already exists
2022-10-15 13:18:39.185 [main] INFO  - City: Shanghai already exists
2022-10-15 13:18:39.185 [main] INFO  - Continent: South America already exists
2022-10-15 13:18:39.185 [main] INFO  - Country: Brazil already exists
2022-10-15 13:18:39.185 [main] INFO  - City: São Paulo already exists
2022-10-15 13:18:39.185 [main] INFO  - Continent: South America already exists
2022-10-15 13:18:39.185 [main] INFO  - Country: Mexico already exists
2022-10-15 13:18:39.185 [main] INFO  - City: Mexico City already exists
2022-10-15 13:18:39.185 [main] INFO  - Continent: Africa already exists
2022-10-15 13:18:39.185 [main] INFO  - Country: Egypt already exists
2022-10-15 13:18:39.185 [main] INFO  - City: Cairo already exists
2022-10-15 13:18:39.185 [main] INFO  - Continent: Asia already exists
2022-10-15 13:18:39.185 [main] INFO  - Country: China already exists
2022-10-15 13:18:39.185 [main] INFO  - City: Chengdu already exists
2022-10-15 13:18:39.185 [main] INFO  - Continent: Asia already exists
2022-10-15 13:18:39.185 [main] INFO  - Country: Japan already exists
2022-10-15 13:18:39.185 [main] INFO  - City: Tokyo already exists
2022-10-15 13:18:39.185 [main] INFO  - Continent: Asia already exists
2022-10-15 13:18:39.185 [main] INFO  - Country: India already exists
2022-10-15 13:18:39.185 [main] INFO  - City: Delhi already exists
2022-10-15 13:18:39.186 [main] INFO  - Continent: Asia already exists
2022-10-15 13:18:39.186 [main] INFO  - Country: China already exists
2022-10-15 13:18:39.186 [main] INFO  - City: Shanghai already exists
2022-10-15 13:18:39.186 [main] INFO  - Continent: South America already exists
2022-10-15 13:18:39.186 [main] INFO  - Country: Brazil already exists
2022-10-15 13:18:39.186 [main] INFO  - City: São Paulo already exists
2022-10-15 13:18:39.186 [main] INFO  - Continent: South America already exists
2022-10-15 13:18:39.186 [main] INFO  - Country: Mexico already exists
2022-10-15 13:18:39.186 [main] INFO  - City: Mexico City already exists
2022-10-15 13:18:39.186 [main] INFO  - Continent: Africa already exists
2022-10-15 13:18:39.186 [main] INFO  - Country: Egypt already exists
2022-10-15 13:18:39.186 [main] INFO  - City: Cairo already exists
2022-10-15 13:18:39.186 [main] INFO  - Continent: Asia already exists
2022-10-15 13:18:39.186 [main] INFO  - Country: China already exists
2022-10-15 13:18:39.186 [main] INFO  - City: Chengdu already exists
2022-10-15 13:18:39.186 [main] INFO  - Continent: Asia already exists
2022-10-15 13:18:39.186 [main] INFO  - Country: Japan already exists
2022-10-15 13:18:39.186 [main] INFO  - City: Tokyo already exists
2022-10-15 13:18:39.186 [main] INFO  - Continent: Asia already exists
2022-10-15 13:18:39.186 [main] INFO  - Country: India already exists
2022-10-15 13:18:39.186 [main] INFO  - City: Delhi already exists
2022-10-15 13:18:39.186 [main] INFO  - Continent: Asia already exists
2022-10-15 13:18:39.186 [main] INFO  - Country: China already exists
2022-10-15 13:18:39.186 [main] INFO  - City: Shanghai already exists
2022-10-15 13:18:39.186 [main] INFO  - Continent: South America already exists
2022-10-15 13:18:39.186 [main] INFO  - Country: Brazil already exists
2022-10-15 13:18:39.186 [main] INFO  - City: São Paulo already exists
2022-10-15 13:18:39.186 [main] INFO  - Continent: South America already exists
2022-10-15 13:18:39.186 [main] INFO  - Country: Mexico already exists
2022-10-15 13:18:39.186 [main] INFO  - City: Mexico City already exists
2022-10-15 13:18:39.186 [main] INFO  - Continent: Africa already exists
2022-10-15 13:18:39.186 [main] INFO  - Country: Egypt already exists
2022-10-15 13:18:39.186 [main] INFO  - City: Cairo already exists
2022-10-15 13:18:39.187 [main] INFO  - Continent: Asia already exists
2022-10-15 13:18:39.187 [main] INFO  - Country: China already exists
2022-10-15 13:18:39.187 [main] INFO  - City: Chengdu already exists
2022-10-15 13:18:39.187 [main] INFO  - Continent: Asia already exists
2022-10-15 13:18:39.187 [main] INFO  - Country: Japan already exists
2022-10-15 13:18:39.187 [main] INFO  - City: Tokyo already exists
2022-10-15 13:18:39.187 [main] INFO  - Continent: Asia already exists
2022-10-15 13:18:39.187 [main] INFO  - Country: India already exists
2022-10-15 13:18:39.187 [main] INFO  - City: Delhi already exists
2022-10-15 13:18:39.187 [main] INFO  - Continent: Asia already exists
2022-10-15 13:18:39.187 [main] INFO  - Country: China already exists
2022-10-15 13:18:39.187 [main] INFO  - City: Shanghai already exists
2022-10-15 13:18:39.187 [main] INFO  - Continent: South America already exists
2022-10-15 13:18:39.187 [main] INFO  - Country: Brazil already exists
2022-10-15 13:18:39.187 [main] INFO  - City: São Paulo already exists
2022-10-15 13:18:39.187 [main] INFO  - Continent: South America already exists
2022-10-15 13:18:39.187 [main] INFO  - Country: Mexico already exists
2022-10-15 13:18:39.187 [main] INFO  - City: Mexico City already exists
2022-10-15 13:18:39.187 [main] INFO  - Continent: Africa already exists
2022-10-15 13:18:39.187 [main] INFO  - Country: Egypt already exists
2022-10-15 13:18:39.187 [main] INFO  - City: Cairo already exists
2022-10-15 13:18:39.187 [main] INFO  - Continent: Asia already exists
2022-10-15 13:18:39.187 [main] INFO  - Country: China already exists
2022-10-15 13:18:39.187 [main] INFO  - City: Chengdu already exists
2022-10-15 13:18:39.187 [main] INFO  - Continent: Asia already exists
2022-10-15 13:18:39.187 [main] INFO  - Country: Japan already exists
2022-10-15 13:18:39.187 [main] INFO  - City: Tokyo already exists
2022-10-15 13:18:39.188 [main] INFO  - Continent: Asia already exists
2022-10-15 13:18:39.188 [main] INFO  - Country: India already exists
2022-10-15 13:18:39.188 [main] INFO  - City: Delhi already exists
2022-10-15 13:18:39.188 [main] INFO  - Continent: Asia already exists
2022-10-15 13:18:39.188 [main] INFO  - Country: China already exists
2022-10-15 13:18:39.188 [main] INFO  - City: Shanghai already exists
2022-10-15 13:18:39.188 [main] INFO  - Continent: South America already exists
2022-10-15 13:18:39.188 [main] INFO  - Country: Brazil already exists
2022-10-15 13:18:39.188 [main] INFO  - City: São Paulo already exists
2022-10-15 13:18:39.188 [main] INFO  - Continent: South America already exists
2022-10-15 13:18:39.188 [main] INFO  - Country: Mexico already exists
2022-10-15 13:18:39.188 [main] INFO  - City: Mexico City already exists
2022-10-15 13:18:39.188 [main] INFO  - Continent: Africa already exists
2022-10-15 13:18:39.188 [main] INFO  - Country: Egypt already exists
2022-10-15 13:18:39.188 [main] INFO  - City: Cairo already exists
2022-10-15 13:18:39.188 [main] INFO  - Continent: Asia already exists
2022-10-15 13:18:39.188 [main] INFO  - Country: China already exists
2022-10-15 13:18:39.188 [main] INFO  - City: Chengdu already exists
2022-10-15 13:18:39.188 [main] INFO  - Continent: Asia already exists
2022-10-15 13:18:39.188 [main] INFO  - Country: Japan already exists
2022-10-15 13:18:39.188 [main] INFO  - City: Tokyo already exists
2022-10-15 13:18:39.188 [main] INFO  - Continent: Asia already exists
2022-10-15 13:18:39.188 [main] INFO  - Country: India already exists
2022-10-15 13:18:39.188 [main] INFO  - City: Delhi already exists
2022-10-15 13:18:39.188 [main] INFO  - Continent: Asia already exists
2022-10-15 13:18:39.188 [main] INFO  - Country: China already exists
2022-10-15 13:18:39.188 [main] INFO  - City: Shanghai already exists
2022-10-15 13:18:39.188 [main] INFO  - Continent: South America already exists
2022-10-15 13:18:39.188 [main] INFO  - Country: Brazil already exists
2022-10-15 13:18:39.188 [main] INFO  - City: São Paulo already exists
2022-10-15 13:18:39.189 [main] INFO  - Continent: South America already exists
2022-10-15 13:18:39.189 [main] INFO  - Country: Mexico already exists
2022-10-15 13:18:39.189 [main] INFO  - City: Mexico City already exists
2022-10-15 13:18:39.189 [main] INFO  - Continent: Africa already exists
2022-10-15 13:18:39.189 [main] INFO  - Country: Egypt already exists
2022-10-15 13:18:39.189 [main] INFO  - City: Cairo already exists
2022-10-15 13:18:39.189 [main] INFO  - Continent: Asia already exists
2022-10-15 13:18:39.189 [main] INFO  - Country: China already exists
2022-10-15 13:18:39.189 [main] INFO  - City: Chengdu already exists
2022-10-15 13:18:39.189 [main] INFO  - Continent: Asia already exists
2022-10-15 13:18:39.189 [main] INFO  - Country: Japan already exists
2022-10-15 13:18:39.189 [main] INFO  - City: Tokyo already exists
2022-10-15 13:18:39.189 [main] INFO  - Continent: Asia already exists
2022-10-15 13:18:39.189 [main] INFO  - Country: India already exists
2022-10-15 13:18:39.189 [main] INFO  - City: Delhi already exists
2022-10-15 13:18:39.189 [main] INFO  - Continent: Asia already exists
2022-10-15 13:18:39.189 [main] INFO  - Country: China already exists
2022-10-15 13:18:39.189 [main] INFO  - City: Shanghai already exists
2022-10-15 13:18:39.189 [main] INFO  - Continent: South America already exists
2022-10-15 13:18:39.189 [main] INFO  - Country: Brazil already exists
2022-10-15 13:18:39.189 [main] INFO  - City: São Paulo already exists
2022-10-15 13:18:39.189 [main] INFO  - Continent: South America already exists
2022-10-15 13:18:39.189 [main] INFO  - Country: Mexico already exists
2022-10-15 13:18:39.189 [main] INFO  - City: Mexico City already exists
2022-10-15 13:18:39.189 [main] INFO  - Continent: Africa already exists
2022-10-15 13:18:39.189 [main] INFO  - Country: Egypt already exists
2022-10-15 13:18:39.189 [main] INFO  - City: Cairo already exists
2022-10-15 13:18:39.189 [main] INFO  - Continent: Asia already exists
2022-10-15 13:18:39.189 [main] INFO  - Country: China already exists
2022-10-15 13:18:39.189 [main] INFO  - City: Chengdu already exists
